<?xml version="1.0" encoding="UTF-8"?>
<!-- Generated by org.testng.reporters.JUnitReportReporter -->
<testsuite hostname="DESKTOP-LE78F7L" failures="0" tests="4" name="testscripts.regression.ValidateLoginDataProvider" time="34.158" errors="0" timestamp="2021-03-29T11:18:51 IST" skipped="0">
  <testcase classname="testscripts.regression.ValidateLoginDataProvider" name="validateLoginTest" time="8.656"/>
  <system-out/>
  <testcase classname="testscripts.regression.ValidateLoginDataProvider" name="validateLoginTest" time="7.419"/>
  <system-out/>
  <testcase classname="testscripts.regression.ValidateLoginDataProvider" name="validateLoginTest" time="9.706"/>
  <system-out/>
  <testcase classname="testscripts.regression.ValidateLoginDataProvider" name="validateLoginTest" time="8.377"/>
  <system-out/>
</testsuite> <!-- testscripts.regression.ValidateLoginDataProvider -->
